<?xml version="1.0" encoding="UTF-8"?>
<coverage generated="1480459003">
  <project timestamp="1480459003">
    <package name="AnalogBridge">
      <file name="/Library/WebServer/Documents/abridge-memorable/AnalogBridgeLib/lib/AnalogBridgeCustomer.php">
        <class name="Customer" namespace="AnalogBridge">
          <metrics complexity="1" methods="1" coveredmethods="0" conditionals="0" coveredconditionals="0" statements="2" coveredstatements="0" elements="3" coveredelements="0"/>
        </class>
        <line num="14" type="method" name="create" visibility="public" complexity="1" crap="2" count="0"/>
        <line num="15" type="stmt" count="0"/>
        <line num="17" type="stmt" count="0"/>
        <metrics loc="17" ncloc="11" classes="1" methods="1" coveredmethods="0" conditionals="0" coveredconditionals="0" statements="2" coveredstatements="0" elements="3" coveredelements="0"/>
      </file>
    </package>
    <metrics files="1" loc="17" ncloc="11" classes="1" methods="1" coveredmethods="0" conditionals="0" coveredconditionals="0" statements="2" coveredstatements="0" elements="3" coveredelements="0"/>
  </project>
</coverage>
